{
  "RSpec": {
    "coverage": {
      "/Users/rcl/job_hunt/shopify/shopify_backend_developer_intern_challenge/app/models/item.rb": {
        "lines": [
          1,
          1,
          1,
          null
        ]
      },
      "/Users/rcl/job_hunt/shopify/shopify_backend_developer_intern_challenge/app/models/application_record.rb": {
        "lines": [
          1,
          1,
          null
        ]
      },
      "/Users/rcl/job_hunt/shopify/shopify_backend_developer_intern_challenge/app/controllers/items_controller.rb": {
        "lines": [
          1,
          1,
          null,
          1,
          0,
          0,
          null,
          1,
          1,
          null,
          1,
          0,
          null,
          null,
          1,
          1,
          null,
          1,
          1,
          1,
          1,
          null,
          null,
          1,
          0,
          0,
          0,
          null,
          null
        ]
      },
      "/Users/rcl/job_hunt/shopify/shopify_backend_developer_intern_challenge/app/controllers/application_controller.rb": {
        "lines": [
          1,
          null
        ]
      }
    },
    "timestamp": 1652800980
  }
}
